<?xml version="1.0" encoding="UTF-8" ?>
<testsuite tests="2" failures="2" name="com.sample.getHyphenTest" time="27.223" errors="0" skipped="0">
  <properties>
    <property name="java.runtime.name" value="Java(TM) SE Runtime Environment"/>
    <property name="java.vm.version" value="15.0.2+7-27"/>
    <property name="sun.boot.library.path" value="/Library/Java/JavaVirtualMachines/jdk-15.0.2.jdk/Contents/Home/lib"/>
    <property name="maven.multiModuleProjectDirectory" value="/Users/arunloganathan/Workspace/Selenium/sample-framework-web"/>
    <property name="java.vm.vendor" value="Oracle Corporation"/>
    <property name="java.vendor.url" value="https://java.oracle.com/"/>
    <property name="guice.disable.misplaced.annotation.check" value="true"/>
    <property name="path.separator" value=":"/>
    <property name="java.vm.name" value="Java HotSpot(TM) 64-Bit Server VM"/>
    <property name="user.country" value="GB"/>
    <property name="sun.java.launcher" value="SUN_STANDARD"/>
    <property name="java.vm.specification.name" value="Java Virtual Machine Specification"/>
    <property name="user.dir" value="/Users/arunloganathan/Workspace/Selenium/sample-framework-web"/>
    <property name="java.vm.compressedOopsMode" value="Zero based"/>
    <property name="java.runtime.version" value="15.0.2+7-27"/>
    <property name="os.arch" value="x86_64"/>
    <property name="java.io.tmpdir" value="/var/folders/v4/_rnthqnj5q562q4n_qtm_plw0000gn/T/"/>
    <property name="line.separator" value="
"/>
    <property name="java.vm.specification.vendor" value="Oracle Corporation"/>
    <property name="os.name" value="Mac OS X"/>
    <property name="suiteXmlFile" value="src/test/java/com/sample/webTestSuite.xml"/>
    <property name="classworlds.conf" value="/Users/arunloganathan/Applications/apache-maven-3.6.3/bin/m2.conf"/>
    <property name="sun.jnu.encoding" value="UTF-8"/>
    <property name="java.library.path" value="/Users/arunloganathan/Library/Java/Extensions:/Library/Java/Extensions:/Network/Library/Java/Extensions:/System/Library/Java/Extensions:/usr/lib/java:."/>
    <property name="maven.conf" value="/Users/arunloganathan/Applications/apache-maven-3.6.3/conf"/>
    <property name="jdk.debug" value="release"/>
    <property name="java.class.version" value="59.0"/>
    <property name="java.specification.name" value="Java Platform API Specification"/>
    <property name="sun.management.compiler" value="HotSpot 64-Bit Tiered Compilers"/>
    <property name="os.version" value="10.16"/>
    <property name="library.jansi.path" value="/Users/arunloganathan/Applications/apache-maven-3.6.3/lib/jansi-native"/>
    <property name="http.nonProxyHosts" value="local|*.local|169.254/16|*.169.254/16"/>
    <property name="user.home" value="/Users/arunloganathan"/>
    <property name="user.timezone" value="Asia/Kolkata"/>
    <property name="file.encoding" value="UTF-8"/>
    <property name="java.specification.version" value="15"/>
    <property name="user.name" value="arunloganathan"/>
    <property name="java.class.path" value="/Users/arunloganathan/Applications/apache-maven-3.6.3/boot/plexus-classworlds-2.6.0.jar"/>
    <property name="java.vm.specification.version" value="15"/>
    <property name="sun.arch.data.model" value="64"/>
    <property name="sun.java.command" value="org.codehaus.plexus.classworlds.launcher.Launcher clean test -DsuiteXmlFile=src/test/java/com/sample/webTestSuite.xml"/>
    <property name="java.home" value="/Library/Java/JavaVirtualMachines/jdk-15.0.2.jdk/Contents/Home"/>
    <property name="user.language" value="en"/>
    <property name="java.specification.vendor" value="Oracle Corporation"/>
    <property name="java.vm.info" value="mixed mode, sharing"/>
    <property name="java.version" value="15.0.2"/>
    <property name="java.vendor" value="Oracle Corporation"/>
    <property name="maven.home" value="/Users/arunloganathan/Applications/apache-maven-3.6.3"/>
    <property name="file.separator" value="/"/>
    <property name="java.version.date" value="2021-01-19"/>
    <property name="java.vendor.url.bug" value="https://bugreport.java.com/bugreport/"/>
    <property name="sun.io.unicode.encoding" value="UnicodeBig"/>
    <property name="sun.cpu.endian" value="little"/>
    <property name="socksNonProxyHosts" value="local|*.local|169.254/16|*.169.254/16"/>
    <property name="ftp.nonProxyHosts" value="local|*.local|169.254/16|*.169.254/16"/>
  </properties>
  <testcase classname="com.sample.getHyphenTest" name="createPost" time="12.896">
    <failure message="Index 0 out of bounds for length 0" type="java.lang.IndexOutOfBoundsException">java.lang.IndexOutOfBoundsException: Index 0 out of bounds for length 0
	at java.base/jdk.internal.util.Preconditions.outOfBounds(Preconditions.java:64)
	at java.base/jdk.internal.util.Preconditions.outOfBoundsCheckIndex(Preconditions.java:70)
	at java.base/jdk.internal.util.Preconditions.checkIndex(Preconditions.java:248)
	at java.base/java.util.Objects.checkIndex(Objects.java:359)
	at java.base/java.util.ArrayList.get(ArrayList.java:427)
	at java.base/jdk.internal.reflect.GeneratedMethodAccessor1.invoke(Unknown Source)
	at java.base/jdk.internal.reflect.DelegatingMethodAccessorImpl.invoke(DelegatingMethodAccessorImpl.java:43)
	at java.base/java.lang.reflect.Method.invoke(Method.java:564)
	at org.openqa.selenium.support.pagefactory.internal.LocatingElementListHandler.invoke(LocatingElementListHandler.java:39)
	at com.sun.proxy.$Proxy9.get(Unknown Source)
	at com.sample.pages.CreateNewPostPage.enterTextToWritePost(CreateNewPostPage.java:110)
	at com.sample.pages.CreateNewPostPage.writePost(CreateNewPostPage.java:134)
	at com.sample.getHyphenTest.createPost(getHyphenTest.java:57)
</failure>
    <system-out>Configuring TestNG with: org.apache.maven.surefire.testng.conf.TestNG652Configurator@2be94b0f
createPost
Anonymous
Official
14
Your Private Groups
Women in Business
SF Bay Area
R&amp;D team
Arnaud
Forum (All Merged)
Your Channels
Chat with Meagan
CEO Ask Me Anything
Pulse Survey - For Forum
Ask anything to your CEO at anytime
Any Suggestion
Ask CHRO Anything
Ask HR anything
</system-out>
    <system-err>SLF4J: Failed to load class &quot;org.slf4j.impl.StaticLoggerBinder&quot;.
SLF4J: Defaulting to no-operation (NOP) logger implementation
SLF4J: See http://www.slf4j.org/codes.html#StaticLoggerBinder for further details.
StaStrting arting ChromeDChromeDriver 88.0.4324.96 (68dribaver 88.2d8a00.43b14924.96 (6a18dba2dd3afa8ca0b149a1d3af56fa74648032bcf46b-refs/branchac56fa746-hea480ds/4324@{#1784}) on port3 1703
Only lo2cbaclf co4n6b-nectreions are alfs/brloweand.
Please see https://chrch-heads/43om24@ed{#1river.chr78omium.org/4}sec) on uporityrt 56-con19
Onsly local idconnectionesr atarionse  fallowoed.
Pr lease see https://suchrggoemsedrivtions on keeping Chreor.chromiumme.orDrivg/secer safe.
urChroitmeyDrive-cr was stoartend susiccederssfuations lly.
for suggestions on keeping ChromeDriver safe.
ChromeDriver was started successfully.
Feb 26, 2021 6:24:50 PM org.openqa.selenium.remote.ProtocolHandshake createSession
INFO: Detected dialect: W3C
Feb 26, 2021 6:24:50 PM org.openqa.selenium.remote.ProtocolHandshake createSession
INFO: Detected dialect: W3C
</system-err>
  </testcase>
  <testcase classname="com.sample.getHyphenTest" name="createPost" time="14.327">
    <failure message="Cannot invoke &quot;org.json.JSONObject.length()&quot; because &quot;optionsObj&quot; is null" type="java.lang.NullPointerException">java.lang.NullPointerException: Cannot invoke &quot;org.json.JSONObject.length()&quot; because &quot;optionsObj&quot; is null
	at com.sample.pages.CreateNewPostPage.enterTextToWritePost(CreateNewPostPage.java:108)
	at com.sample.pages.CreateNewPostPage.writePost(CreateNewPostPage.java:134)
	at com.sample.getHyphenTest.createPost(getHyphenTest.java:57)
</failure>
    <system-out>Anonymous
14
Your Private Groups
Women in Business
SF Bay Area
R&amp;D team
Arnaud
</system-out>
  </testcase>
</testsuite>